<?xml version="1.0" encoding="UTF-8"?>
<!-- Generated by org.testng.reporters.JUnitReportReporter -->
<testsuite hostname="Sonal" failures="0" tests="1" name="com.testCases.CreateCustomerTest" time="20.676" errors="0" timestamp="17 Dec 2019 04:08:31 GMT">
  <testcase classname="com.testCases.CreateCustomerTest" name="createNewCustomer" time="20.676"/>
</testsuite> <!-- com.testCases.CreateCustomerTest -->
