<?xml version="1.0" encoding="UTF-8"?>
<!-- Generated by org.testng.reporters.JUnitReportReporter -->
<testsuite hostname="Sonal" failures="0" tests="1" name="com.testCases.DeleteCustomerTest" time="22.608" errors="0" timestamp="18 Dec 2019 04:22:08 GMT">
  <testcase classname="com.testCases.DeleteCustomerTest" name="createNewCustomer" time="22.608"/>
</testsuite> <!-- com.testCases.DeleteCustomerTest -->
