<?xml version="1.0" encoding="UTF-8"?>
<!-- Generated by org.testng.reporters.JUnitReportReporter -->
<testsuite hostname="Sonal" failures="0" tests="1" name="com.testCases.ActiTimeLogintest" time="49.788" errors="0" timestamp="17 Dec 2019 03:51:37 GMT">
  <testcase classname="com.testCases.ActiTimeLogintest" name="launchBrowser" time="49.788"/>
</testsuite> <!-- com.testCases.ActiTimeLogintest -->
